c:\users\weqa1\riderprojects\winapigameclient\winapigame\x64\debug\vc143.pdb
c:\users\weqa1\riderprojects\winapigameclient\winapigame\x64\debug\vc143.idb
c:\users\weqa1\riderprojects\winapigameclient\winapigame\x64\debug\invokerset.obj
c:\users\weqa1\riderprojects\winapigameclient\winapigame\x64\debug\inputaction.obj
c:\users\weqa1\riderprojects\winapigameclient\winapigame\x64\debug\controller.obj
c:\users\weqa1\riderprojects\winapigameclient\winapigame\x64\debug\floor.obj
c:\users\weqa1\riderprojects\winapigameclient\winapigame\x64\debug\gamemanager.obj
c:\users\weqa1\riderprojects\winapigameclient\winapigame\x64\debug\world.obj
c:\users\weqa1\riderprojects\winapigameclient\winapigame\x64\debug\object.obj
c:\users\weqa1\riderprojects\winapigameclient\winapigame\x64\debug\spriteshape.obj
c:\users\weqa1\riderprojects\winapigameclient\winapigame\x64\debug\animationsprite.obj
c:\users\weqa1\riderprojects\winapigameclient\winapigame\x64\debug\shapecomponent.obj
c:\users\weqa1\riderprojects\winapigameclient\winapigame\x64\debug\rectangleshape.obj
c:\users\weqa1\riderprojects\winapigameclient\winapigame\x64\debug\physicscomponent.obj
c:\users\weqa1\riderprojects\winapigameclient\winapigame\x64\debug\hardbody.obj
c:\users\weqa1\riderprojects\winapigameclient\winapigame\x64\debug\gravitycomponent.obj
c:\users\weqa1\riderprojects\winapigameclient\winapigame\x64\debug\collider.obj
c:\users\weqa1\riderprojects\winapigameclient\winapigame\x64\debug\component.obj
c:\users\weqa1\riderprojects\winapigameclient\winapigame\x64\debug\collisionmanager.obj
c:\users\weqa1\riderprojects\winapigameclient\winapigame\x64\debug\frame.obj
c:\users\weqa1\riderprojects\winapigameclient\winapigame\x64\debug\animationgroup.obj
c:\users\weqa1\riderprojects\winapigameclient\winapigame\x64\debug\animation.obj
c:\users\weqa1\riderprojects\winapigameclient\winapigame\x64\debug\statearrow.obj
c:\users\weqa1\riderprojects\winapigameclient\winapigame\x64\debug\statemachine.obj
c:\users\weqa1\riderprojects\winapigameclient\winapigame\x64\debug\state.obj
c:\users\weqa1\riderprojects\winapigameclient\winapigame\x64\debug\rendermanager.obj
c:\users\weqa1\riderprojects\winapigameclient\winapigame\x64\debug\network.obj
c:\users\weqa1\riderprojects\winapigameclient\winapigame\x64\debug\vector.obj
c:\users\weqa1\riderprojects\winapigameclient\winapigame\x64\debug\region.obj
c:\users\weqa1\riderprojects\winapigameclient\winapigame\x64\debug\bounds.obj
c:\users\weqa1\riderprojects\winapigameclient\winapigame\x64\debug\actionvalue.obj
c:\users\weqa1\riderprojects\winapigameclient\winapigame\x64\debug\math.obj
c:\users\weqa1\riderprojects\winapigameclient\winapigame\x64\debug\iupdate.obj
c:\users\weqa1\riderprojects\winapigameclient\winapigame\x64\debug\mouse.obj
c:\users\weqa1\riderprojects\winapigameclient\winapigame\x64\debug\slideinputcomponent.obj
c:\users\weqa1\riderprojects\winapigameclient\winapigame\x64\debug\buttoninputcomponent.obj
c:\users\weqa1\riderprojects\winapigameclient\winapigame\x64\debug\trigger.obj
c:\users\weqa1\riderprojects\winapigameclient\winapigame\x64\debug\inversedirectionmodifystrategy.obj
c:\users\weqa1\riderprojects\winapigameclient\winapigame\x64\debug\forwarddirectionmodifystrategy.obj
c:\users\weqa1\riderprojects\winapigameclient\winapigame\x64\debug\yxaxismodifystrategy.obj
c:\users\weqa1\riderprojects\winapigameclient\winapigame\x64\debug\xyaxismodifystrategy.obj
c:\users\weqa1\riderprojects\winapigameclient\winapigame\x64\debug\modifier.obj
c:\users\weqa1\riderprojects\winapigameclient\winapigame\x64\debug\windowsapplication.obj
c:\users\weqa1\riderprojects\winapigameclient\winapigame\x64\debug\tickclock.obj
c:\users\weqa1\riderprojects\winapigameclient\winapigame\x64\debug\simpleclock.obj
c:\users\weqa1\riderprojects\winapigameclient\winapigame\x64\debug\queryclock.obj
c:\users\weqa1\riderprojects\winapigameclient\winapigame\x64\debug\multimediaclock.obj
c:\users\weqa1\riderprojects\winapigameclient\winapigame\x64\debug\windowsgraphicdeviceinterface.obj
c:\users\weqa1\riderprojects\winapigameclient\winapigame\x64\debug\rectangle.obj
c:\users\weqa1\riderprojects\winapigameclient\winapigame\x64\debug\keyboard.obj
c:\users\weqa1\riderprojects\winapigameclient\winapigame\x64\debug\invoker.obj
c:\users\weqa1\riderprojects\winapigameclient\winapigame\x64\debug\player.obj
c:\users\weqa1\riderprojects\winapigameclient\winapigame\x64\debug\initialize.obj
c:\users\weqa1\riderprojects\winapigameclient\x64\debug\winapigame.exe
c:\users\weqa1\riderprojects\winapigameclient\x64\debug\winapigame.pdb
c:\users\weqa1\riderprojects\winapigameclient\winapigame\x64\debug\winapigame.ilk
c:\users\weqa1\riderprojects\winapigameclient\winapigame\x64\debug\winapigame.tlog\cl.command.1.tlog
c:\users\weqa1\riderprojects\winapigameclient\winapigame\x64\debug\winapigame.tlog\cl.items.tlog
c:\users\weqa1\riderprojects\winapigameclient\winapigame\x64\debug\winapigame.tlog\cl.read.1.tlog
c:\users\weqa1\riderprojects\winapigameclient\winapigame\x64\debug\winapigame.tlog\cl.write.1.tlog
c:\users\weqa1\riderprojects\winapigameclient\winapigame\x64\debug\winapigame.tlog\link.command.1.tlog
c:\users\weqa1\riderprojects\winapigameclient\winapigame\x64\debug\winapigame.tlog\link.read.1.tlog
c:\users\weqa1\riderprojects\winapigameclient\winapigame\x64\debug\winapigame.tlog\link.secondary.1.tlog
c:\users\weqa1\riderprojects\winapigameclient\winapigame\x64\debug\winapigame.tlog\link.write.1.tlog
